#! /usr/local/bin/vvp
:ivl_version "10.1 (stable)" "(v10_1-107-gab6ae79)";
:ivl_delay_selection "TYPICAL";
:vpi_time_precision - 12;
:vpi_module "system";
:vpi_module "vhdl_sys";
:vpi_module "v2005_math";
:vpi_module "va_math";
S_0x1bf8c90 .scope module, "structuralDecoder" "structuralDecoder" 2 14;
 .timescale -9 -12;
    .port_info 0 /OUTPUT 1 "out0"
    .port_info 1 /OUTPUT 1 "out1"
    .port_info 2 /OUTPUT 1 "out2"
    .port_info 3 /OUTPUT 1 "out3"
    .port_info 4 /INPUT 1 "address0"
    .port_info 5 /INPUT 1 "address1"
    .port_info 6 /INPUT 1 "enable"
o0x7fbfe736f018 .functor BUFZ 1, C4<z>; HiZ drive
v0x1bf9f30_0 .net "address0", 0 0, o0x7fbfe736f018;  0 drivers
o0x7fbfe736f048 .functor BUFZ 1, C4<z>; HiZ drive
v0x1c16c30_0 .net "address1", 0 0, o0x7fbfe736f048;  0 drivers
o0x7fbfe736f078 .functor BUFZ 1, C4<z>; HiZ drive
v0x1c16cf0_0 .net "enable", 0 0, o0x7fbfe736f078;  0 drivers
o0x7fbfe736f0a8 .functor BUFZ 1, C4<z>; HiZ drive
v0x1c16dc0_0 .net "out0", 0 0, o0x7fbfe736f0a8;  0 drivers
o0x7fbfe736f0d8 .functor BUFZ 1, C4<z>; HiZ drive
v0x1c16e80_0 .net "out1", 0 0, o0x7fbfe736f0d8;  0 drivers
o0x7fbfe736f108 .functor BUFZ 1, C4<z>; HiZ drive
v0x1c16f90_0 .net "out2", 0 0, o0x7fbfe736f108;  0 drivers
o0x7fbfe736f138 .functor BUFZ 1, C4<z>; HiZ drive
v0x1c17050_0 .net "out3", 0 0, o0x7fbfe736f138;  0 drivers
S_0x1bf8ec0 .scope module, "testDecoder" "testDecoder" 3 5;
 .timescale -9 -12;
v0x1c17f90_0 .var "addr0", 0 0;
v0x1c18050_0 .var "addr1", 0 0;
v0x1c18120_0 .var "enable", 0 0;
v0x1c18220_0 .net "out0", 0 0, L_0x1c18850;  1 drivers
v0x1c182f0_0 .net "out1", 0 0, L_0x1c18760;  1 drivers
v0x1c18390_0 .net "out2", 0 0, L_0x1c18620;  1 drivers
v0x1c18460_0 .net "out3", 0 0, L_0x1c18530;  1 drivers
S_0x1c17230 .scope module, "decoder" "behavioralDecoder" 3 10, 2 3 0, S_0x1bf8ec0;
 .timescale -9 -12;
    .port_info 0 /OUTPUT 1 "out0"
    .port_info 1 /OUTPUT 1 "out1"
    .port_info 2 /OUTPUT 1 "out2"
    .port_info 3 /OUTPUT 1 "out3"
    .port_info 4 /INPUT 1 "address0"
    .port_info 5 /INPUT 1 "address1"
    .port_info 6 /INPUT 1 "enable"
v0x1c174d0_0 .net *"_s11", 3 0, L_0x1c18c00;  1 drivers
v0x1c175d0_0 .net *"_s5", 3 0, L_0x1c189d0;  1 drivers
L_0x7fbfe7326018 .functor BUFT 1, C4<000>, C4<0>, C4<0>, C4<0>;
v0x1c176b0_0 .net *"_s8", 2 0, L_0x7fbfe7326018;  1 drivers
v0x1c17770_0 .net *"_s9", 1 0, L_0x1c18ac0;  1 drivers
v0x1c17850_0 .net "address0", 0 0, v0x1c17f90_0;  1 drivers
v0x1c17960_0 .net "address1", 0 0, v0x1c18050_0;  1 drivers
v0x1c17a20_0 .net "enable", 0 0, v0x1c18120_0;  1 drivers
v0x1c17ae0_0 .net "out0", 0 0, L_0x1c18850;  alias, 1 drivers
v0x1c17ba0_0 .net "out1", 0 0, L_0x1c18760;  alias, 1 drivers
v0x1c17cf0_0 .net "out2", 0 0, L_0x1c18620;  alias, 1 drivers
v0x1c17db0_0 .net "out3", 0 0, L_0x1c18530;  alias, 1 drivers
L_0x1c18530 .part L_0x1c18c00, 3, 1;
L_0x1c18620 .part L_0x1c18c00, 2, 1;
L_0x1c18760 .part L_0x1c18c00, 1, 1;
L_0x1c18850 .part L_0x1c18c00, 0, 1;
L_0x1c189d0 .concat [ 1 3 0 0], v0x1c18120_0, L_0x7fbfe7326018;
L_0x1c18ac0 .concat [ 1 1 0 0], v0x1c17f90_0, v0x1c18050_0;
L_0x1c18c00 .shift/l 4, L_0x1c189d0, L_0x1c18ac0;
    .scope S_0x1bf8ec0;
T_0 ;
    %vpi_call 3 14 "$display", "En A0 A1| O0 O1 O2 O3 | Expected Output" {0 0 0};
    %pushi/vec4 0, 0, 1;
    %store/vec4 v0x1c18120_0, 0, 1;
    %pushi/vec4 0, 0, 1;
    %store/vec4 v0x1c17f90_0, 0, 1;
    %pushi/vec4 0, 0, 1;
    %store/vec4 v0x1c18050_0, 0, 1;
    %delay 1000000, 0;
    %vpi_call 3 16 "$display", "%b  %b  %b |  %b  %b  %b  %b | All false", v0x1c18120_0, v0x1c17f90_0, v0x1c18050_0, v0x1c18220_0, v0x1c182f0_0, v0x1c18390_0, v0x1c18460_0 {0 0 0};
    %pushi/vec4 0, 0, 1;
    %store/vec4 v0x1c18120_0, 0, 1;
    %pushi/vec4 1, 0, 1;
    %store/vec4 v0x1c17f90_0, 0, 1;
    %pushi/vec4 0, 0, 1;
    %store/vec4 v0x1c18050_0, 0, 1;
    %delay 1000000, 0;
    %vpi_call 3 18 "$display", "%b  %b  %b |  %b  %b  %b  %b | All false", v0x1c18120_0, v0x1c17f90_0, v0x1c18050_0, v0x1c18220_0, v0x1c182f0_0, v0x1c18390_0, v0x1c18460_0 {0 0 0};
    %pushi/vec4 0, 0, 1;
    %store/vec4 v0x1c18120_0, 0, 1;
    %pushi/vec4 0, 0, 1;
    %store/vec4 v0x1c17f90_0, 0, 1;
    %pushi/vec4 1, 0, 1;
    %store/vec4 v0x1c18050_0, 0, 1;
    %delay 1000000, 0;
    %vpi_call 3 20 "$display", "%b  %b  %b |  %b  %b  %b  %b | All false", v0x1c18120_0, v0x1c17f90_0, v0x1c18050_0, v0x1c18220_0, v0x1c182f0_0, v0x1c18390_0, v0x1c18460_0 {0 0 0};
    %pushi/vec4 0, 0, 1;
    %store/vec4 v0x1c18120_0, 0, 1;
    %pushi/vec4 1, 0, 1;
    %store/vec4 v0x1c17f90_0, 0, 1;
    %pushi/vec4 1, 0, 1;
    %store/vec4 v0x1c18050_0, 0, 1;
    %delay 1000000, 0;
    %vpi_call 3 22 "$display", "%b  %b  %b |  %b  %b  %b  %b | All false", v0x1c18120_0, v0x1c17f90_0, v0x1c18050_0, v0x1c18220_0, v0x1c182f0_0, v0x1c18390_0, v0x1c18460_0 {0 0 0};
    %pushi/vec4 1, 0, 1;
    %store/vec4 v0x1c18120_0, 0, 1;
    %pushi/vec4 0, 0, 1;
    %store/vec4 v0x1c17f90_0, 0, 1;
    %pushi/vec4 0, 0, 1;
    %store/vec4 v0x1c18050_0, 0, 1;
    %delay 1000000, 0;
    %vpi_call 3 24 "$display", "%b  %b  %b |  %b  %b  %b  %b | O0 Only", v0x1c18120_0, v0x1c17f90_0, v0x1c18050_0, v0x1c18220_0, v0x1c182f0_0, v0x1c18390_0, v0x1c18460_0 {0 0 0};
    %pushi/vec4 1, 0, 1;
    %store/vec4 v0x1c18120_0, 0, 1;
    %pushi/vec4 1, 0, 1;
    %store/vec4 v0x1c17f90_0, 0, 1;
    %pushi/vec4 0, 0, 1;
    %store/vec4 v0x1c18050_0, 0, 1;
    %delay 1000000, 0;
    %vpi_call 3 26 "$display", "%b  %b  %b |  %b  %b  %b  %b | O1 Only", v0x1c18120_0, v0x1c17f90_0, v0x1c18050_0, v0x1c18220_0, v0x1c182f0_0, v0x1c18390_0, v0x1c18460_0 {0 0 0};
    %pushi/vec4 1, 0, 1;
    %store/vec4 v0x1c18120_0, 0, 1;
    %pushi/vec4 0, 0, 1;
    %store/vec4 v0x1c17f90_0, 0, 1;
    %pushi/vec4 1, 0, 1;
    %store/vec4 v0x1c18050_0, 0, 1;
    %delay 1000000, 0;
    %vpi_call 3 28 "$display", "%b  %b  %b |  %b  %b  %b  %b | O2 Only", v0x1c18120_0, v0x1c17f90_0, v0x1c18050_0, v0x1c18220_0, v0x1c182f0_0, v0x1c18390_0, v0x1c18460_0 {0 0 0};
    %pushi/vec4 1, 0, 1;
    %store/vec4 v0x1c18120_0, 0, 1;
    %pushi/vec4 1, 0, 1;
    %store/vec4 v0x1c17f90_0, 0, 1;
    %pushi/vec4 1, 0, 1;
    %store/vec4 v0x1c18050_0, 0, 1;
    %delay 1000000, 0;
    %vpi_call 3 30 "$display", "%b  %b  %b |  %b  %b  %b  %b | O3 Only", v0x1c18120_0, v0x1c17f90_0, v0x1c18050_0, v0x1c18220_0, v0x1c182f0_0, v0x1c18390_0, v0x1c18460_0 {0 0 0};
    %end;
    .thread T_0;
# The file index is used to find the file name in the following table.
:file_names 4;
    "N/A";
    "<interactive>";
    "./decoder.v";
    "decoder.t.v";
